<?xml version="1.0" encoding="UTF-8"?>
<!-- Generated by org.testng.reporters.JUnitReportReporter -->
<testsuite skipped="0" hostname="LAPTOP-2NUP5NKH" name="salma.ChoramiTestCase" tests="1" failures="0" timestamp="2019-12-18T22:13:06 EST" time="2.814" errors="0">
  <testcase name="testUntitledTestCase" time="2.814" classname="salma.ChoramiTestCase"/>
</testsuite> <!-- salma.ChoramiTestCase -->
