<?xml version="1.0" encoding="UTF-8"?>
<!-- Generated by org.testng.reporters.JUnitReportReporter -->
<testsuite skipped="0" hostname="BLMD-MAC-KPHTD7" name="testNG.DataDrivenTestCase" tests="2" failures="0" timestamp="29 Dec 2019 16:25:43 GMT" time="6.051" errors="0">
  <testcase name="f" time="2.866" classname="testNG.DataDrivenTestCase"/>
  <testcase name="f" time="3.185" classname="testNG.DataDrivenTestCase"/>
</testsuite> <!-- testNG.DataDrivenTestCase -->
