<?xml version="1.0" encoding="UTF-8"?>
<!-- Generated by org.testng.reporters.JUnitReportReporter -->
<testsuite skipped="0" hostname="BLMD-MAC-KPHTD7" name="testNG.NewtoursLogin" tests="3" failures="0" timestamp="09 Jan 2020 01:43:56 GMT" time="12.917" errors="0">
  <testcase name="verifyUserAbleTologin" time="2.421" classname="testNG.NewtoursLogin"/>
  <testcase name="verifyUserAbleToSearchRoundtripFlight" time="5.251" classname="testNG.NewtoursLogin"/>
  <testcase name="verifyUserAbleTosearchOnewayFlight" time="5.245" classname="testNG.NewtoursLogin"/>
</testsuite> <!-- testNG.NewtoursLogin -->
