<?xml version="1.0" encoding="UTF-8"?>
<!-- Generated by org.testng.reporters.JUnitReportReporter -->
<testsuite skipped="0" hostname="BLMD-MAC-KPHTD7" name="testNG.NewtoursLogin" tests="2" failures="0" timestamp="19 Dec 2019 02:42:08 GMT" time="40.122" errors="0">
  <testcase name="verifyUserAbleTosearchOnewayFlight" time="30.320" classname="testNG.NewtoursLogin"/>
  <testcase name="verifyUserAbleTologin" time="9.802" classname="testNG.NewtoursLogin"/>
</testsuite> <!-- testNG.NewtoursLogin -->
