<?xml version="1.0" encoding="UTF-8"?>
<!-- Generated by org.testng.reporters.JUnitReportReporter -->
<testsuite hostname="DESKTOP-RRFRSJS" failures="0" tests="4" name="testNG.NewtoursLogin" time="0.013" errors="1" timestamp="2020-01-05T11:10:21 EST" skipped="3">
  <testcase classname="testNG.NewtoursLogin" name="verifyUserAbleTologin" time="0.000">
    <skipped/>
  </testcase> <!-- verifyUserAbleTologin -->
  <testcase classname="testNG.NewtoursLogin" name="verifyUserAbleToSearchRoundtripFlight" time="0.000">
    <skipped/>
  </testcase> <!-- verifyUserAbleToSearchRoundtripFlight -->
  <testcase classname="testNG.NewtoursLogin" name="openAppication" time="0.013">
    <error message="Unresolved compilation problems: 
	The method getLog() from the type SeleniumWebDriver refers to the missing type Logger
	The method getLog() from the type SeleniumWebDriver refers to the missing type Logger
	The method getLog() from the type SeleniumWebDriver refers to the missing type Logger
	The method getLog() from the type SeleniumWebDriver refers to the missing type Logger
" type="java.lang.Error">
      <![CDATA[java.lang.Error: Unresolved compilation problems: 
The method getLog() from the type SeleniumWebDriver refers to the missing type Logger
The method getLog() from the type SeleniumWebDriver refers to the missing type Logger
The method getLog() from the type SeleniumWebDriver refers to the missing type Logger
The method getLog() from the type SeleniumWebDriver refers to the missing type Logger

at org.selenium.SeleniumWebDriver.openBrowser(SeleniumWebDriver.java:43)
at testNG.NewtoursLogin.openAppication(NewtoursLogin.java:12)
at java.base/jdk.internal.reflect.NativeMethodAccessorImpl.invoke0(Native Method)
at java.base/jdk.internal.reflect.NativeMethodAccessorImpl.invoke(NativeMethodAccessorImpl.java:62)
at java.base/jdk.internal.reflect.DelegatingMethodAccessorImpl.invoke(DelegatingMethodAccessorImpl.java:43)
at java.base/java.lang.reflect.Method.invoke(Method.java:567)
at org.testng.internal.MethodInvocationHelper.invokeMethod(MethodInvocationHelper.java:133)
at org.testng.internal.MethodInvocationHelper.invokeMethodConsideringTimeout(MethodInvocationHelper.java:62)
at org.testng.internal.ConfigInvoker.invokeConfigurationMethod(ConfigInvoker.java:340)
at org.testng.internal.ConfigInvoker.invokeConfigurations(ConfigInvoker.java:294)
at org.testng.TestRunner.invokeTestConfigurations(TestRunner.java:623)
at org.testng.TestRunner.beforeRun(TestRunner.java:613)
at org.testng.TestRunner.run(TestRunner.java:584)
at org.testng.SuiteRunner.runTest(SuiteRunner.java:402)
at org.testng.SuiteRunner.runSequentially(SuiteRunner.java:396)
at org.testng.SuiteRunner.privateRun(SuiteRunner.java:355)
at org.testng.SuiteRunner.run(SuiteRunner.java:304)
at org.testng.SuiteRunnerWorker.runSuite(SuiteRunnerWorker.java:53)
at org.testng.SuiteRunnerWorker.run(SuiteRunnerWorker.java:96)
at org.testng.TestNG.runSuitesSequentially(TestNG.java:1180)
at org.testng.TestNG.runSuitesLocally(TestNG.java:1102)
at org.testng.TestNG.runSuites(TestNG.java:1032)
at org.testng.TestNG.run(TestNG.java:1000)
at org.testng.remote.AbstractRemoteTestNG.run(AbstractRemoteTestNG.java:115)
at org.testng.remote.RemoteTestNG.initAndRun(RemoteTestNG.java:251)
at org.testng.remote.RemoteTestNG.main(RemoteTestNG.java:77)
]]>
    </error>
  </testcase> <!-- openAppication -->
  <testcase classname="testNG.NewtoursLogin" name="verifyUserAbleTosearchOnewayFlight" time="0.000">
    <skipped/>
  </testcase> <!-- verifyUserAbleTosearchOnewayFlight -->
</testsuite> <!-- testNG.NewtoursLogin -->
